#
# A fatal error has been detected by the Java Runtime Environment:
#
#  EXCEPTION_IN_PAGE_ERROR (0xc0000006) at pc=0x00007ffdcf4dc0c8, pid=24364, tid=28896
#
# JRE version: OpenJDK Runtime Environment (16.0+36) (build 16+36-2231)
# Java VM: OpenJDK 64-Bit Server VM (16+36-2231, mixed mode, sharing, tiered, compressed oops, g1 gc, windows-amd64)
# Problematic frame:
# C  [ntdll.dll+0x3c0c8]
#
# No core dump will be written. Minidumps are not enabled by default on client versions of Windows
#
# If you would like to submit a bug report, please visit:
#   https://bugreport.java.com/bugreport/crash.jsp
# The crash happened outside the Java Virtual Machine in native code.
# See problematic frame for where to report the bug.
#

---------------  S U M M A R Y ------------

Command Line: --module-path=G:\My Drive\Academy\Java software project\JavaLib\javafx-sdk-18.0.1\lib --add-modules=javafx.controls,javafx.fxml -javaagent:C:\Program Files\JetBrains\IntelliJ IDEA Community Edition 2022.1.2\lib\idea_rt.jar=63306:C:\Program Files\JetBrains\IntelliJ IDEA Community Edition 2022.1.2\bin -Dfile.encoding=UTF-8 main.Main

Host: AMD Ryzen 7 3700X 8-Core Processor             , 16 cores, 15G,  Windows 10 , 64 bit Build 22000 (10.0.22000.708)
Time: Tue Jul 12 22:52:29 2022 Eastern Daylight Time elapsed time: 176534.573459 seconds (2d 1h 2m 14s)

---------------  T H R E A D  ---------------

Current thread (0x0000017966bf5cb0):  JavaThread "Glass/Prism Shutdown Hook" [_thread_in_native, id=28896, stack(0x000000304f300000,0x000000304f400000)]

Stack: [0x000000304f300000,0x000000304f400000],  sp=0x000000304f3fe420,  free space=1017k
Native frames: (J=compiled Java code, j=interpreted, Vv=VM code, C=native code)
C  [ntdll.dll+0x3c0c8]
C  [ntdll.dll+0x3ba8f]
C  [ntdll.dll+0x3b4cd]
C  [KERNELBASE.dll+0x7e45c]
V  [jvm.dll+0x40e951]
C  [java.dll+0x3e31]

Java frames: (J=compiled Java code, j=interpreted, Vv=VM code)
J 801  jdk.internal.loader.NativeLibraries.findEntry0(Ljdk/internal/loader/NativeLibraries$NativeLibraryImpl;Ljava/lang/String;)J java.base@16 (0 bytes) @ 0x000001795071bc96 [0x000001795071bc20+0x0000000000000076]
J 800 c1 jdk.internal.loader.NativeLibraries$NativeLibraryImpl.find(Ljava/lang/String;)J java.base@16 (6 bytes) @ 0x000001794939642c [0x00000179493963c0+0x000000000000006c]
j  jdk.internal.loader.NativeLibraries.find(Ljava/lang/String;)J+50 java.base@16
j  java.lang.ClassLoader.findNative(Ljava/lang/ClassLoader;Ljava/lang/String;)J+17 java.base@16
v  ~StubRoutines::call_stub
j  com.sun.glass.ui.win.WinTimer._stop(J)V+0 javafx.graphics@18.0.1
j  com.sun.glass.ui.Timer.stop()V+14 javafx.graphics@18.0.1
j  com.sun.javafx.tk.quantum.QuantumToolkit.dispose()V+16 javafx.graphics@18.0.1
j  com.sun.javafx.tk.quantum.QuantumToolkit$1.run()V+4 javafx.graphics@18.0.1
v  ~StubRoutines::call_stub

siginfo: EXCEPTION_IN_PAGE_ERROR (0xc0000006), reading address 0x0000017967291078


Register to memory mapping:

RIP=0x00007ffdcf4dc0c8 ntdll.dll
RAX=0x0000000000000005 is an unknown value
RBX=0x0000017965451401 points into unknown readable memory: 00 70 00 69 00 2d 00
RCX=0x0 is NULL
RDX=0x000000000000033b is an unknown value
RSP=0x000000304f3fe420 is pointing into the stack for thread: 0x0000017966bf5cb0
RBP=0x0000017966841bc0 points into unknown readable memory: 0x6d6f635f6176614a | 4a 61 76 61 5f 63 6f 6d
RSI=0x0 is NULL
RDI=0x0000017967290000 api-ms-win-core-console-l1-2-0.dll
R8 =0x00007ffdcf5d1150 ntdll.dll
R9 =0x0000000000000002 is an unknown value
R10=0x00000179672900c8 api-ms-win-core-console-l1-2-0.dll
R11=0x000000304f3fe418 is pointing into the stack for thread: 0x0000017966bf5cb0
R12=0x000000304f3fe638 is pointing into the stack for thread: 0x0000017966bf5cb0
R13=0x00000000000003bc is an unknown value
R14=0x0000017967290000 api-ms-win-core-console-l1-2-0.dll
R15=0x0000017967291060 api-ms-win-core-console-l1-2-0.dll


Registers:
RAX=0x0000000000000005, RBX=0x0000017965451401, RCX=0x0000000000000000, RDX=0x000000000000033b
RSP=0x000000304f3fe420, RBP=0x0000017966841bc0, RSI=0x0000000000000000, RDI=0x0000017967290000
R8 =0x00007ffdcf5d1150, R9 =0x0000000000000002, R10=0x00000179672900c8, R11=0x000000304f3fe418
R12=0x000000304f3fe638, R13=0x00000000000003bc, R14=0x0000017967290000, R15=0x0000017967291060
RIP=0x00007ffdcf4dc0c8, EFLAGS=0x0000000000010206

Top of Stack: (sp=0x000000304f3fe420)
0x000000304f3fe420:   00007ffdcf5d1130 000000000000033b
0x000000304f3fe430:   0000000000000000 000000304f3fe4a0
0x000000304f3fe440:   00007ffdcf5d11d0 0000017966841bc0
0x000000304f3fe450:   0000000000000000 0000000000000000
0x000000304f3fe460:   0000000000000000 0000000000000000
0x000000304f3fe470:   0000000000000001 000000304f3fe638
0x000000304f3fe480:   0000000000000000 00000179656f54d0
0x000000304f3fe490:   0000017966841bc0 00007ffdcf4dba8f
0x000000304f3fe4a0:   00000179672900c8 0000000000000000
0x000000304f3fe4b0:   0000017965451450 000000304f3fe5a0
0x000000304f3fe4c0:   0000000000b2007a 0000000000000040
0x000000304f3fe4d0:   0000000066f56f00 00000179656f54d0
0x000000304f3fe4e0:   0000017966841bc0 000001793f11eca0
0x000000304f3fe4f0:   00000179656f54d0 000001793f0633c0
0x000000304f3fe500:   0000000000000000 000001793f060000
0x000000304f3fe510:   0000000000000000 0000000000000000 

Instructions: (pc=0x00007ffdcf4dc0c8)
0x00007ffdcf4dbfc8:   89 68 20 56 57 41 54 41 56 41 57 48 83 ec 50 45
0x00007ffdcf4dbfd8:   33 ff 48 c7 40 08 00 00 00 00 4c 89 78 c8 4d 8b
0x00007ffdcf4dbfe8:   e1 41 8b f0 48 8b ea 4c 8b f1 b3 01 48 8b f9 f6
0x00007ffdcf4dbff8:   c1 03 74 0d 41 0f b6 de 48 83 e7 fc f6 d3 80 e3
0x00007ffdcf4dc008:   01 45 33 c0 4c 89 ac 24 88 00 00 00 4c 8d 8c 24
0x00007ffdcf4dc018:   80 00 00 00 48 8b d7 41 8d 48 01 e8 98 11 00 00
0x00007ffdcf4dc028:   48 8b 8c 24 80 00 00 00 48 85 c9 0f 84 e3 50 08
0x00007ffdcf4dc038:   00 0f b7 41 18 ba 0b 01 00 00 66 3b c2 0f 84 a7
0x00007ffdcf4dc048:   50 08 00 ba 0b 02 00 00 66 3b c2 0f 85 18 01 00
0x00007ffdcf4dc058:   00 44 39 b9 84 00 00 00 0f 86 0b 01 00 00 8b 81
0x00007ffdcf4dc068:   88 00 00 00 85 c0 0f 84 fd 00 00 00 44 8b a9 8c
0x00007ffdcf4dc078:   00 00 00 84 db 0f 84 ae 50 08 00 4c 8d 3c 07 4d
0x00007ffdcf4dc088:   85 ff 0f 84 e1 00 00 00 4c 8d 05 b9 50 0f 00 41
0x00007ffdcf4dc098:   b9 02 00 00 00 48 8d 0d 8c 50 0f 00 48 85 ed 0f
0x00007ffdcf4dc0a8:   84 33 01 00 00 48 8d 05 1c 51 0f 00 48 89 6c 24
0x00007ffdcf4dc0b8:   28 ba 3b 03 00 00 48 89 44 24 20 e8 e8 34 00 00
0x00007ffdcf4dc0c8:   45 8b 5f 18 45 33 d2 41 8b 7f 24 41 ff cb 41 8b
0x00007ffdcf4dc0d8:   5f 20 41 8b c3 99 49 03 fe 2b c2 49 03 de d1 f8
0x00007ffdcf4dc0e8:   44 8b c8 45 85 db 78 4d 4d 63 c1 48 8b cd 42 8b
0x00007ffdcf4dc0f8:   14 83 49 03 d6 48 2b d5 0f b6 01 3a 04 11 0f 85
0x00007ffdcf4dc108:   b8 00 00 00 48 ff c1 84 c0 75 ed 33 c9 85 c9 74
0x00007ffdcf4dc118:   5f 41 8d 41 ff 41 0f 49 c3 44 8b d8 41 8d 41 01
0x00007ffdcf4dc128:   44 0f 49 d0 43 8d 04 1a 99 2b c2 d1 f8 44 8b c8
0x00007ffdcf4dc138:   45 3b da 7d b3 4c 89 74 24 30 48 8d 05 1f 4d 0f
0x00007ffdcf4dc148:   00 48 89 6c 24 28 4c 8d 05 53 4d 0f 00 41 b9 01
0x00007ffdcf4dc158:   00 00 00 48 89 44 24 20 ba 99 08 00 00 48 8d 0d
0x00007ffdcf4dc168:   c4 4f 0f 00 e8 3f 34 00 00 b8 7a 00 00 c0 eb 2a
0x00007ffdcf4dc178:   42 0f b7 34 47 41 3b 77 14 0f 83 84 00 00 00 41
0x00007ffdcf4dc188:   8b 47 1c 49 03 c6 48 63 ce 8b 14 88 49 03 d6 49
0x00007ffdcf4dc198:   89 14 24 49 3b d7 73 2e 33 c0 4c 8b ac 24 88 00
0x00007ffdcf4dc1a8:   00 00 4c 8d 5c 24 50 49 8b 5b 40 49 8b 6b 48 49
0x00007ffdcf4dc1b8:   8b e3 41 5f 41 5e 41 5c 5f 5e c3 cc 1b c9 83 c9 


Stack slot to memory mapping:
stack at sp + 0 slots: 0x00007ffdcf5d1130 ntdll.dll
stack at sp + 1 slots: 0x000000000000033b is an unknown value
stack at sp + 2 slots: 0x0 is NULL
stack at sp + 3 slots: 0x000000304f3fe4a0 is pointing into the stack for thread: 0x0000017966bf5cb0
stack at sp + 4 slots: 0x00007ffdcf5d11d0 ntdll.dll
stack at sp + 5 slots: 0x0000017966841bc0 points into unknown readable memory: 0x6d6f635f6176614a | 4a 61 76 61 5f 63 6f 6d
stack at sp + 6 slots: 0x0 is NULL
stack at sp + 7 slots: 0x0 is NULL


---------------  P R O C E S S  ---------------

Threads class SMR info:
_java_thread_list=0x0000017966cc93d0, length=23, elements={
0x00000179413c4b50, 0x0000017964ac21f0, 0x0000017964ac30b0, 0x0000017964ad45f0,
0x0000017964ad7200, 0x0000017964ad9c10, 0x0000017964ada610, 0x0000017964adc310,
0x0000017964aec240, 0x0000017964aeeba0, 0x00000179654bd880, 0x0000017965cf6800,
0x00000179667f25d0, 0x00000179665fe2f0, 0x00000179667b1a30, 0x00000179667bf3c0,
0x0000017966bf3230, 0x0000017966bf2790, 0x0000017966bf3780, 0x0000017966bf4220,
0x0000017966bf4770, 0x0000017966bf5760, 0x0000017966bf5cb0
}

Java Threads: ( => current thread )
  0x00000179413c4b50 JavaThread "main" [_thread_blocked, id=16000, stack(0x000000304f400000,0x000000304f500000)]
  0x0000017964ac21f0 JavaThread "Reference Handler" daemon [_thread_blocked, id=16448, stack(0x000000304fb00000,0x000000304fc00000)]
  0x0000017964ac30b0 JavaThread "Finalizer" daemon [_thread_blocked, id=1876, stack(0x000000304fc00000,0x000000304fd00000)]
  0x0000017964ad45f0 JavaThread "Signal Dispatcher" daemon [_thread_blocked, id=11560, stack(0x000000304fd00000,0x000000304fe00000)]
  0x0000017964ad7200 JavaThread "Attach Listener" daemon [_thread_blocked, id=9548, stack(0x000000304fe00000,0x000000304ff00000)]
  0x0000017964ad9c10 JavaThread "Service Thread" daemon [_thread_blocked, id=30136, stack(0x000000304ff00000,0x0000003050000000)]
  0x0000017964ada610 JavaThread "Monitor Deflation Thread" daemon [_thread_blocked, id=28536, stack(0x0000003050000000,0x0000003050100000)]
  0x0000017964adc310 JavaThread "C2 CompilerThread0" daemon [_thread_blocked, id=2312, stack(0x0000003050100000,0x0000003050200000)]
  0x0000017964aec240 JavaThread "C1 CompilerThread0" daemon [_thread_blocked, id=12996, stack(0x0000003050200000,0x0000003050300000)]
  0x0000017964aeeba0 JavaThread "Sweeper thread" daemon [_thread_blocked, id=14604, stack(0x0000003050300000,0x0000003050400000)]
  0x00000179654bd880 JavaThread "Common-Cleaner" daemon [_thread_blocked, id=11556, stack(0x0000003050400000,0x0000003050500000)]
  0x0000017965cf6800 JavaThread "Monitor Ctrl-Break" daemon [_thread_in_native, id=30576, stack(0x0000003050c00000,0x0000003050d00000)]
  0x00000179667f25d0 JavaThread "Notification Thread" daemon [_thread_blocked, id=15284, stack(0x0000003050d00000,0x0000003050e00000)]
  0x00000179665fe2f0 JavaThread "QuantumRenderer-0" daemon [_thread_blocked, id=6028, stack(0x0000003050800000,0x0000003050900000)]
  0x00000179667b1a30 JavaThread "InvokeLaterDispatcher" daemon [_thread_blocked, id=30748, stack(0x0000003050a00000,0x0000003050b00000)]
  0x00000179667bf3c0 JavaThread "JavaFX Application Thread" [_thread_in_native, id=9508, stack(0x0000003050b00000,0x0000003050c00000)]
  0x0000017966bf3230 JavaThread "Thread-1" daemon [_thread_blocked, id=11984, stack(0x0000003051000000,0x0000003051100000)]
  0x0000017966bf2790 JavaThread "mysql-cj-abandoned-connection-cleanup" daemon [_thread_blocked, id=7576, stack(0x0000003051100000,0x0000003051200000)]
  0x0000017966bf3780 JavaThread "JavaFX-Launcher" [_thread_blocked, id=5476, stack(0x0000003051c00000,0x0000003051d00000)]
  0x0000017966bf4220 JavaThread "Prism Font Disposer" daemon [_thread_blocked, id=23480, stack(0x0000003052400000,0x0000003052500000)]
  0x0000017966bf4770 JavaThread "Cleaner-0" daemon [_thread_blocked, id=8108, stack(0x0000003052500000,0x0000003052600000)]
  0x0000017966bf5760 JavaThread "SIGINT handler" daemon [_thread_blocked, id=24236, stack(0x000000304f200000,0x000000304f300000)]
=>0x0000017966bf5cb0 JavaThread "Glass/Prism Shutdown Hook" [_thread_in_native, id=28896, stack(0x000000304f300000,0x000000304f400000)]

Other Threads:
  0x0000017964abf5b0 VMThread "VM Thread" [stack: 0x000000304fa00000,0x000000304fb00000] [id=3412]
  0x0000017966564350 WatcherThread [stack: 0x0000003050e00000,0x0000003050f00000] [id=29628]
  0x000001793f1fe820 GCTaskThread "GC Thread#0" [stack: 0x000000304f500000,0x000000304f600000] [id=19540]
  0x00000179667108e0 GCTaskThread "GC Thread#1" [stack: 0x0000003051300000,0x0000003051400000] [id=11732]
  0x0000017966710f00 GCTaskThread "GC Thread#2" [stack: 0x0000003051400000,0x0000003051500000] [id=14448]
  0x000001796670daf0 GCTaskThread "GC Thread#3" [stack: 0x0000003051500000,0x0000003051600000] [id=10660]
  0x0000017966d75810 GCTaskThread "GC Thread#4" [stack: 0x0000003051600000,0x0000003051700000] [id=19936]
  0x0000017966d751f0 GCTaskThread "GC Thread#5" [stack: 0x0000003051700000,0x0000003051800000] [id=5896]
  0x0000017966d745b0 GCTaskThread "GC Thread#6" [stack: 0x0000003051800000,0x0000003051900000] [id=17620]
  0x0000017966d73970 GCTaskThread "GC Thread#7" [stack: 0x0000003051b00000,0x0000003051c00000] [id=12880]
  0x0000017966d75b20 GCTaskThread "GC Thread#8" [stack: 0x0000003051d00000,0x0000003051e00000] [id=28388]
  0x0000017966d76760 GCTaskThread "GC Thread#9" [stack: 0x0000003051e00000,0x0000003051f00000] [id=6628]
  0x0000017966d77cd0 GCTaskThread "GC Thread#10" [stack: 0x0000003051f00000,0x0000003052000000] [id=8856]
  0x0000017966d79860 GCTaskThread "GC Thread#11" [stack: 0x0000003052000000,0x0000003052100000] [id=14180]
  0x0000017966d73040 GCTaskThread "GC Thread#12" [stack: 0x0000003052100000,0x0000003052200000] [id=25328]
  0x0000017941423da0 ConcurrentGCThread "G1 Main Marker" [stack: 0x000000304f600000,0x000000304f700000] [id=25584]
  0x0000017941424720 ConcurrentGCThread "G1 Conc#0" [stack: 0x000000304f700000,0x000000304f800000] [id=6564]
  0x0000017966d74bd0 ConcurrentGCThread "G1 Conc#1" [stack: 0x0000003052600000,0x0000003052700000] [id=3992]
  0x0000017966d74ee0 ConcurrentGCThread "G1 Conc#2" [stack: 0x0000003052700000,0x0000003052800000] [id=13576]
  0x000001794148c580 ConcurrentGCThread "G1 Refine#0" [stack: 0x000000304f800000,0x000000304f900000] [id=4640]
  0x0000017964982230 ConcurrentGCThread "G1 Service" [stack: 0x000000304f900000,0x000000304fa00000] [id=15108]

Threads with active compile tasks:

VM state: not at safepoint (normal execution)

VM Mutex/Monitor currently owned by a thread: None

Heap address: 0x0000000701000000, size: 4080 MB, Compressed Oops mode: Zero based, Oop shift amount: 3
CDS archive(s) mapped at: [0x0000000800000000-0x0000000800bb0000-0x0000000800bb0000), size 12255232, SharedBaseAddress: 0x0000000800000000, ArchiveRelocationMode: 0.
Compressed class space mapped at: 0x0000000800c00000-0x0000000840c00000, reserved size: 1073741824
Narrow klass base: 0x0000000800000000, Narrow klass shift: 3, Narrow klass range: 0x100000000

GC Precious Log:
 CPUs: 16 total, 16 available
 Memory: 16315M
 Large Page Support: Disabled
 NUMA Support: Disabled
 Compressed Oops: Enabled (Zero based)
 Heap Region Size: 2M
 Heap Min Capacity: 8M
 Heap Initial Capacity: 256M
 Heap Max Capacity: 4080M
 Pre-touch: Disabled
 Parallel Workers: 13
 Concurrent Workers: 3
 Concurrent Refinement Workers: 13
 Periodic GC: Disabled

Heap:
 garbage-first heap   total 49152K, used 20549K [0x0000000701000000, 0x0000000800000000)
  region size 2048K, 8 young (16384K), 3 survivors (6144K)
 Metaspace       used 21783K, committed 22016K, reserved 1073152K
  class space    used 2840K, committed 2944K, reserved 1048576K

Heap Regions: E=young(eden), S=young(survivor), O=old, HS=humongous(starts), HC=humongous(continues), CS=collection set, F=free, OA=open archive, CA=closed archive, TAMS=top-at-mark-start (previous, next)
|   0|0x0000000701000000, 0x0000000701200000, 0x0000000701200000|100%| O|  |TAMS 0x0000000701200000, 0x0000000701000000| Untracked 
|   1|0x0000000701200000, 0x0000000701400000, 0x0000000701400000|100%| O|  |TAMS 0x0000000701400000, 0x0000000701200000| Untracked 
|   2|0x0000000701400000, 0x0000000701411400, 0x0000000701600000|  3%| O|  |TAMS 0x0000000701411400, 0x0000000701400000| Untracked 
|   3|0x0000000701600000, 0x0000000701800000, 0x0000000701800000|100%|HS|  |TAMS 0x0000000701600000, 0x0000000701600000| Complete 
|   4|0x0000000701800000, 0x0000000701800000, 0x0000000701a00000|  0%| F|  |TAMS 0x0000000701800000, 0x0000000701800000| Untracked 
|   5|0x0000000701a00000, 0x0000000701a00000, 0x0000000701c00000|  0%| F|  |TAMS 0x0000000701a00000, 0x0000000701a00000| Untracked 
|   6|0x0000000701c00000, 0x0000000701c00000, 0x0000000701e00000|  0%| F|  |TAMS 0x0000000701c00000, 0x0000000701c00000| Untracked 
|   7|0x0000000701e00000, 0x0000000701e00000, 0x0000000702000000|  0%| F|  |TAMS 0x0000000701e00000, 0x0000000701e00000| Untracked 
|   8|0x0000000702000000, 0x0000000702000000, 0x0000000702200000|  0%| F|  |TAMS 0x0000000702000000, 0x0000000702000000| Untracked 
|   9|0x0000000702200000, 0x0000000702200000, 0x0000000702400000|  0%| F|  |TAMS 0x0000000702200000, 0x0000000702200000| Untracked 
|  10|0x0000000702400000, 0x0000000702400000, 0x0000000702600000|  0%| F|  |TAMS 0x0000000702400000, 0x0000000702400000| Untracked 
|  11|0x0000000702600000, 0x0000000702600000, 0x0000000702800000|  0%| F|  |TAMS 0x0000000702600000, 0x0000000702600000| Untracked 
|  12|0x0000000702800000, 0x0000000702800000, 0x0000000702a00000|  0%| F|  |TAMS 0x0000000702800000, 0x0000000702800000| Untracked 
|  13|0x0000000702a00000, 0x0000000702a00000, 0x0000000702c00000|  0%| F|  |TAMS 0x0000000702a00000, 0x0000000702a00000| Untracked 
|  14|0x0000000702c00000, 0x0000000702c00000, 0x0000000702e00000|  0%| F|  |TAMS 0x0000000702c00000, 0x0000000702c00000| Untracked 
|  15|0x0000000702e00000, 0x0000000702e00000, 0x0000000703000000|  0%| F|  |TAMS 0x0000000702e00000, 0x0000000702e00000| Untracked 
|  16|0x0000000703000000, 0x0000000703026108, 0x0000000703200000|  7%| E|  |TAMS 0x0000000703000000, 0x0000000703000000| Complete 
|  17|0x0000000703200000, 0x0000000703400000, 0x0000000703400000|100%| E|CS|TAMS 0x0000000703200000, 0x0000000703200000| Complete 
|  18|0x0000000703400000, 0x0000000703600000, 0x0000000703600000|100%| E|CS|TAMS 0x0000000703400000, 0x0000000703400000| Complete 
|  19|0x0000000703600000, 0x0000000703800000, 0x0000000703800000|100%| E|CS|TAMS 0x0000000703600000, 0x0000000703600000| Complete 
| 115|0x000000070f600000, 0x000000070f800000, 0x000000070f800000|100%| S|CS|TAMS 0x000000070f600000, 0x000000070f600000| Complete 
| 116|0x000000070f800000, 0x000000070fa00000, 0x000000070fa00000|100%| S|CS|TAMS 0x000000070f800000, 0x000000070f800000| Complete 
| 117|0x000000070fa00000, 0x000000070fc00000, 0x000000070fc00000|100%| S|CS|TAMS 0x000000070fa00000, 0x000000070fa00000| Complete 
| 127|0x0000000710e00000, 0x0000000711000000, 0x0000000711000000|100%| E|CS|TAMS 0x0000000710e00000, 0x0000000710e00000| Complete 

Card table byte_map: [0x0000017958bb0000,0x00000179593b0000] _byte_map_base: 0x00000179553a8000

Marking Bits (Prev, Next): (CMBitMap*) 0x0000017941413510, (CMBitMap*) 0x00000179414134d0
 Prev Bits: [0x000001795db70000, 0x0000017961b30000)
 Next Bits: [0x0000017959bb0000, 0x000001795db70000)

Polling page: 0x000001793f3b0000

Metaspace:

Usage:
  Non-class:     18.50 MB used.
      Class:      2.77 MB used.
       Both:     21.27 MB used.

Virtual space:
  Non-class space:       24.00 MB reserved,      18.62 MB ( 78%) committed,  3 nodes.
      Class space:        1.00 GB reserved,       2.88 MB ( <1%) committed,  1 nodes.
              Both:        1.02 GB reserved,      21.50 MB (  2%) committed. 

Chunk freelists:
   Non-Class:  1.16 MB
       Class:  1.00 MB
        Both:  2.16 MB

MaxMetaspaceSize: 17179869184.00 GB
CompressedClassSpaceSize: 1.00 GB
 - commit_granule_bytes: 65536.
 - commit_granule_words: 8192.
 - virtual_space_node_default_size: 1048576.
 - enlarge_chunks_in_place: 1.
 - new_chunks_are_fully_committed: 0.
 - uncommit_free_chunks: 1.
 - use_allocation_guard: 0.
 - handle_deallocations: 1.


Internal statistics:

num_allocs_failed_limit: 3.
num_arena_births: 192.
num_arena_deaths: 0.
num_vsnodes_births: 4.
num_vsnodes_deaths: 0.
num_space_committed: 344.
num_space_uncommitted: 0.
num_chunks_returned_to_freelist: 3.
num_chunks_taken_from_freelist: 757.
num_chunk_merges: 3.
num_chunk_splits: 526.
num_chunks_enlarged: 412.
num_purges: 0.

CodeHeap 'non-profiled nmethods': size=119168Kb used=1389Kb max_used=1389Kb free=117779Kb
 bounds [0x00000179506d0000, 0x0000017950940000, 0x0000017957b30000]
CodeHeap 'profiled nmethods': size=119104Kb used=5596Kb max_used=5596Kb free=113507Kb
 bounds [0x0000017949280000, 0x0000017949800000, 0x00000179506d0000]
CodeHeap 'non-nmethods': size=7488Kb used=1496Kb max_used=3220Kb free=5991Kb
 bounds [0x0000017948b30000, 0x0000017948e60000, 0x0000017949280000]
 total_blobs=3816 nmethods=2951 adapters=777
 compilation: enabled
              stopped_count=0, restarted_count=0
 full_count=0

Compilation events (20 events):
Event: 174526.915 Thread 0x0000017964aec240 2944       3       javafx.scene.layout.Region::snappedLeftInset (21 bytes)
Event: 174526.915 Thread 0x0000017964aec240 nmethod 2944 0x00000179497f0890 code [0x00000179497f0ae0, 0x00000179497f13d8]
Event: 174526.915 Thread 0x0000017964aec240 2940       3       javafx.beans.binding.BooleanExpression::getValue (8 bytes)
Event: 174526.915 Thread 0x0000017964aec240 nmethod 2940 0x00000179497f1690 code [0x00000179497f1860, 0x00000179497f1b08]
Event: 174527.714 Thread 0x0000017964aec240 2947       3       java.util.WeakHashMap$HashIterator::nextEntry (81 bytes)
Event: 174527.715 Thread 0x0000017964aec240 nmethod 2947 0x00000179497f1c10 code [0x00000179497f1e00, 0x00000179497f23c8]
Event: 174527.715 Thread 0x0000017964aec240 2953       3       com.sun.javafx.geom.transform.Affine3D::concatenate (561 bytes)
Event: 174527.716 Thread 0x0000017964aec240 nmethod 2953 0x00000179497f2590 code [0x00000179497f28c0, 0x00000179497f3f08]
Event: 174527.716 Thread 0x0000017964aec240 2950       3       javafx.scene.layout.Region::snapSizeY (10 bytes)
Event: 174527.716 Thread 0x0000017964aec240 nmethod 2950 0x00000179497f4890 code [0x00000179497f4b00, 0x00000179497f5518]
Event: 174527.716 Thread 0x0000017964aec240 2951       3       javafx.scene.layout.Region::snapSizeY (17 bytes)
Event: 174527.717 Thread 0x0000017964aec240 nmethod 2951 0x00000179497f5890 code [0x00000179497f5b00, 0x00000179497f6478]
Event: 174527.717 Thread 0x0000017964aec240 2952       3       com.sun.javafx.util.Utils::assertionEnabled (24 bytes)
Event: 174527.717 Thread 0x0000017964aec240 nmethod 2952 0x00000179497f6790 code [0x00000179497f6920, 0x00000179497f6a18]
Event: 174527.717 Thread 0x0000017964aec240 2948       3       java.util.WeakHashMap$Entry::getKey (8 bytes)
Event: 174527.717 Thread 0x0000017964aec240 nmethod 2948 0x00000179497f6a90 code [0x00000179497f6c40, 0x00000179497f6ed8]
Event: 174527.717 Thread 0x0000017964aec240 2949       3       java.util.WeakHashMap::unmaskNull (13 bytes)
Event: 174527.718 Thread 0x0000017964aec240 nmethod 2949 0x00000179497f6f90 code [0x00000179497f7120, 0x00000179497f7278]
Event: 175673.754 Thread 0x0000017964adc310 2954       4       java.lang.ClassLoader::getResource (41 bytes)
Event: 175674.000 Thread 0x0000017964adc310 nmethod 2954 0x000001795081c390 code [0x000001795081cbc0, 0x00000179508261c8]

GC Heap History (6 events):
Event: 1.093 GC heap before
{Heap before GC invocations=0 (full 0):
 garbage-first heap   total 262144K, used 20480K [0x0000000701000000, 0x0000000800000000)
  region size 2048K, 11 young (22528K), 0 survivors (0K)
 Metaspace       used 4758K, committed 4864K, reserved 1056768K
  class space    used 463K, committed 512K, reserved 1048576K
}
Event: 1.095 GC heap after
{Heap after GC invocations=1 (full 0):
 garbage-first heap   total 262144K, used 4426K [0x0000000701000000, 0x0000000800000000)
  region size 2048K, 2 young (4096K), 2 survivors (4096K)
 Metaspace       used 4758K, committed 4864K, reserved 1056768K
  class space    used 463K, committed 512K, reserved 1048576K
}
Event: 1.762 GC heap before
{Heap before GC invocations=1 (full 0):
 garbage-first heap   total 262144K, used 35146K [0x0000000701000000, 0x0000000800000000)
  region size 2048K, 18 young (36864K), 2 survivors (4096K)
 Metaspace       used 17082K, committed 17280K, reserved 1064960K
  class space    used 2069K, committed 2176K, reserved 1048576K
}
Event: 1.767 GC heap after
{Heap after GC invocations=2 (full 0):
 garbage-first heap   total 262144K, used 9243K [0x0000000701000000, 0x0000000800000000)
  region size 2048K, 3 young (6144K), 3 survivors (6144K)
 Metaspace       used 17082K, committed 17280K, reserved 1064960K
  class space    used 2069K, committed 2176K, reserved 1048576K
}
Event: 2.088 GC heap before
{Heap before GC invocations=2 (full 0):
 garbage-first heap   total 262144K, used 27675K [0x0000000701000000, 0x0000000800000000)
  region size 2048K, 13 young (26624K), 3 survivors (6144K)
 Metaspace       used 21020K, committed 21248K, reserved 1073152K
  class space    used 2793K, committed 2944K, reserved 1048576K
}
Event: 2.091 GC heap after
{Heap after GC invocations=3 (full 0):
 garbage-first heap   total 262144K, used 10309K [0x0000000701000000, 0x0000000800000000)
  region size 2048K, 3 young (6144K), 3 survivors (6144K)
 Metaspace       used 21020K, committed 21248K, reserved 1073152K
  class space    used 2793K, committed 2944K, reserved 1048576K
}

Deoptimization events (20 events):
Event: 84471.500 Thread 0x0000017966bf3230 Uncommon trap: trap_request=0xffffff45 fr.pc=0x00000179507e8044 relative=0x0000000000000464
Event: 84471.501 Thread 0x0000017966bf3230 Uncommon trap: reason=unstable_if action=reinterpret pc=0x00000179507e8044 method=com.sun.javafx.tk.quantum.QuantumToolkit.postPulse()V @ 27 c2
Event: 84471.503 Thread 0x0000017966bf3230 DEOPT PACKING pc=0x00000179507e8044 sp=0x00000030510fefa0
Event: 84471.516 Thread 0x0000017966bf3230 DEOPT UNPACKING pc=0x0000017948b7d72e sp=0x00000030510feec8 mode 2
Event: 84471.562 Thread 0x0000017966bf3230 Uncommon trap: trap_request=0xffffff45 fr.pc=0x00000179507e756c relative=0x000000000000042c
Event: 84471.562 Thread 0x0000017966bf3230 Uncommon trap: reason=unstable_if action=reinterpret pc=0x00000179507e756c method=com.sun.javafx.tk.quantum.QuantumToolkit.postPulse()V @ 27 c2
Event: 84471.562 Thread 0x0000017966bf3230 DEOPT PACKING pc=0x00000179507e756c sp=0x00000030510feee0
Event: 84471.562 Thread 0x0000017966bf3230 DEOPT UNPACKING pc=0x0000017948b7d72e sp=0x00000030510feeb8 mode 2
Event: 84471.584 Thread 0x0000017966bf3230 Uncommon trap: trap_request=0xffffff45 fr.pc=0x00000179507f124c relative=0x000000000000044c
Event: 84471.584 Thread 0x0000017966bf3230 Uncommon trap: reason=unstable_if action=reinterpret pc=0x00000179507f124c method=com.sun.javafx.tk.quantum.QuantumToolkit.postPulse()V @ 88 c2
Event: 84471.584 Thread 0x0000017966bf3230 DEOPT PACKING pc=0x00000179507f124c sp=0x00000030510fefa0
Event: 84471.584 Thread 0x0000017966bf3230 DEOPT UNPACKING pc=0x0000017948b7d72e sp=0x00000030510feec8 mode 2
Event: 84471.585 Thread 0x0000017966bf3230 Uncommon trap: trap_request=0xffffff45 fr.pc=0x00000179507f1e08 relative=0x0000000000000428
Event: 84471.585 Thread 0x0000017966bf3230 Uncommon trap: reason=unstable_if action=reinterpret pc=0x00000179507f1e08 method=com.sun.javafx.tk.quantum.QuantumToolkit.postPulse()V @ 88 c2
Event: 84471.586 Thread 0x0000017966bf3230 DEOPT PACKING pc=0x00000179507f1e08 sp=0x00000030510fef30
Event: 84471.586 Thread 0x0000017966bf3230 DEOPT UNPACKING pc=0x0000017948b7d72e sp=0x00000030510fef08 mode 2
Event: 173852.206 Thread 0x0000017966bf2790 Uncommon trap: trap_request=0xffffff45 fr.pc=0x0000017950801104 relative=0x0000000000002a24
Event: 173852.206 Thread 0x0000017966bf2790 Uncommon trap: reason=unstable_if action=reinterpret pc=0x0000017950801104 method=jdk.internal.loader.URLClassPath$FileLoader.findResource(Ljava/lang/String;Z)Ljava/net/URL; @ 8 c2
Event: 173852.207 Thread 0x0000017966bf2790 DEOPT PACKING pc=0x0000017950801104 sp=0x00000030511fec60
Event: 173852.208 Thread 0x0000017966bf2790 DEOPT UNPACKING pc=0x0000017948b7d72e sp=0x00000030511feb00 mode 2

Classes unloaded (0 events):
No events

Classes redefined (0 events):
No events

Internal exceptions (20 events):
Event: 1.444 Thread 0x00000179413c4b50 Exception <a 'java/lang/NoSuchMethodError'{0x00000007100396d8}: 'java.lang.Object java.lang.invoke.DirectMethodHandle$Holder.invokeStatic(java.lang.Object, int, java.lang.Object)'> (0x00000007100396d8) 
thrown [t:\workspace\open\src\hotspot\share\interpreter\linkResolver.cpp, line 790]
Event: 1.445 Thread 0x00000179413c4b50 Exception <a 'java/lang/NoSuchMethodError'{0x00000007100473d0}: 'java.lang.Object java.lang.invoke.DirectMethodHandle$Holder.newInvokeSpecial(java.lang.Object, java.lang.Object, java.lang.Object, java.lang.Object, java.lang.Object)'> (0x00000007100473d0) 
thrown [t:\workspace\open\src\hotspot\share\interpreter\linkResolver.cpp, line 790]
Event: 1.446 Thread 0x0000017966bf3780 Exception <a 'java/lang/NoSuchMethodError'{0x000000071008c328}: 'void java.lang.invoke.DirectMethodHandle$Holder.invokeStatic(java.lang.Object, java.lang.Object, java.lang.Object, java.lang.Object)'> (0x000000071008c328) 
thrown [t:\workspace\open\src\hotspot\share\interpreter\linkResolver.cpp, line 790]
Event: 1.562 Thread 0x00000179667bf3c0 Exception <a 'java/lang/NoSuchMethodError'{0x000000070fad0b88}: 'java.lang.Object java.lang.invoke.DirectMethodHandle$Holder.invokeStaticInit(java.lang.Object, java.lang.Object, java.lang.Object, java.lang.Object)'> (0x000000070fad0b88) 
thrown [t:\workspace\open\src\hotspot\share\interpreter\linkResolver.cpp, line 790]
Event: 1.563 Thread 0x00000179667bf3c0 Exception <a 'java/lang/NullPointerException'{0x000000070fadcee0}> (0x000000070fadcee0) 
thrown [t:\workspace\open\src\hotspot\share\interpreter\linkResolver.cpp, line 1385]
Event: 1.600 Thread 0x00000179667bf3c0 Exception <a 'java/lang/ClassNotFoundException'{0x000000070f513408}: com/sun/glass/ui/win/themes> (0x000000070f513408) 
thrown [t:\workspace\open\src\hotspot\share\prims\jni.cpp, line 600]
Event: 1.600 Thread 0x00000179667bf3c0 Exception <a 'java/lang/ClassNotFoundException'{0x000000070f51f2a0}: com/sun/glass/ui/win/themes_en> (0x000000070f51f2a0) 
thrown [t:\workspace\open\src\hotspot\share\prims\jni.cpp, line 600]
Event: 1.601 Thread 0x00000179667bf3c0 Exception <a 'java/lang/ClassNotFoundException'{0x000000070f5272d0}: com/sun/glass/ui/win/themes_en_US> (0x000000070f5272d0) 
thrown [t:\workspace\open\src\hotspot\share\prims\jni.cpp, line 600]
Event: 1.729 Thread 0x00000179667bf3c0 Exception <a 'java/lang/NoSuchMethodError'{0x000000070ecb6780}: 'void java.lang.invoke.DirectMethodHandle$Holder.invokeSpecial(java.lang.Object, java.lang.Object, java.lang.Object, java.lang.Object, java.lang.Object)'> (0x000000070ecb6780) 
thrown [t:\workspace\open\src\hotspot\share\interpreter\linkResolver.cpp, line 790]
Event: 1.753 Thread 0x00000179667bf3c0 Implicit null exception at 0x00000179507870d8 to 0x000001795078716e
Event: 1.782 Thread 0x00000179667bf3c0 Implicit null exception at 0x0000017950796e14 to 0x0000017950797200
Event: 1.784 Thread 0x00000179667bf3c0 Implicit null exception at 0x0000017950795a94 to 0x0000017950795e6c
Event: 1.784 Thread 0x00000179667bf3c0 Implicit null exception at 0x00000179506f30ac to 0x00000179506f32d8
Event: 1.897 Thread 0x00000179667bf3c0 Exception <a 'java/lang/NoSuchMethodError'{0x000000071087ec78}: 'java.lang.Object java.lang.invoke.DirectMethodHandle$Holder.invokeInterface(java.lang.Object, java.lang.Object, java.lang.Object)'> (0x000000071087ec78) 
thrown [t:\workspace\open\src\hotspot\share\interpreter\linkResolver.cpp, line 790]
Event: 1.897 Thread 0x00000179667bf3c0 Exception <a 'java/lang/IncompatibleClassChangeError'{0x0000000710882510}: Found class java.lang.Object, but interface was expected> (0x0000000710882510) 
thrown [t:\workspace\open\src\hotspot\share\interpreter\linkResolver.cpp, line 857]
Event: 1.941 Thread 0x00000179667bf3c0 Exception <a 'java/lang/ClassNotFoundException'{0x00000007107e7fe8}: com/sun/javafx/scene/control/skin/resources/controls> (0x00000007107e7fe8) 
thrown [t:\workspace\open\src\hotspot\share\prims\jni.cpp, line 600]
Event: 1.941 Thread 0x00000179667bf3c0 Exception <a 'java/lang/ClassNotFoundException'{0x00000007107f5f70}: com/sun/javafx/scene/control/skin/resources/controls_en> (0x00000007107f5f70) 
thrown [t:\workspace\open\src\hotspot\share\prims\jni.cpp, line 600]
Event: 1.941 Thread 0x00000179667bf3c0 Exception <a 'java/lang/ClassNotFoundException'{0x00000007107f7760}: com/sun/javafx/scene/control/skin/resources/controls_en_US> (0x00000007107f7760) 
thrown [t:\workspace\open\src\hotspot\share\prims\jni.cpp, line 600]
Event: 1.964 Thread 0x00000179667bf3c0 Exception <a 'java/lang/NoSuchMethodError'{0x000000071057f158}: 'void java.lang.invoke.DirectMethodHandle$Holder.invokeSpecial(java.lang.Object, java.lang.Object, java.lang.Object, java.lang.Object, java.lang.Object, java.lang.Object)'> (0x000000071057f158) 
thrown [t:\workspace\open\src\hotspot\share\interpreter\linkResolver.cpp, line 790]
Event: 2.029 Thread 0x00000179667bf3c0 Exception <a 'java/lang/NoSuchMethodError'{0x00000007100c03b8}: 'java.lang.Object java.lang.invoke.DirectMethodHandle$Holder.newInvokeSpecial(java.lang.Object, java.lang.Object, int)'> (0x00000007100c03b8) 
thrown [t:\workspace\open\src\hotspot\share\interpreter\linkResolver.cpp, line 790]

Events (20 events):
Event: 173852.953 Executing  VM operation: Cleanup done
Event: 173857.981 Executing  VM operation: Cleanup
Event: 173857.981 Executing  VM operation: Cleanup done
Event: 173919.939 Thread 0x000001793f10b760 Thread added: 0x000001793f10b760
Event: 173920.477 Executing  VM operation: Cleanup
Event: 173920.477 Executing  VM operation: Cleanup done
Event: 173921.490 Executing  VM operation: Cleanup
Event: 173921.490 Executing  VM operation: Cleanup done
Event: 173925.855 Thread 0x000001793f10b760 Thread exited: 0x000001793f10b760
Event: 174519.267 Executing  VM operation: Cleanup
Event: 174519.267 Executing  VM operation: Cleanup done
Event: 174527.270 Executing  VM operation: Cleanup
Event: 174527.270 Executing  VM operation: Cleanup done
Event: 174528.270 Executing  VM operation: Cleanup
Event: 174528.270 Executing  VM operation: Cleanup done
Event: 176534.539 loading class jdk/internal/misc/Signal$1
Event: 176534.545 loading class jdk/internal/misc/Signal$1 done
Event: 176534.548 Thread 0x0000017966bf5760 Thread added: 0x0000017966bf5760
Event: 176534.552 Thread 0x0000017966bf5cb0 Thread added: 0x0000017966bf5cb0
Event: 176534.553 Thread 0x000001796e46e820 Thread added: 0x000001796e46e820


Dynamic libraries:
0x00007ff68bc70000 - 0x00007ff68bc7e000 	C:\Users\lin_m\.jdks\openjdk-16\bin\java.exe
0x00007ffdcf4a0000 - 0x00007ffdcf6a9000 	C:\WINDOWS\SYSTEM32\ntdll.dll
0x00007ffdcd330000 - 0x00007ffdcd3ed000 	C:\WINDOWS\System32\KERNEL32.DLL
0x00007ffdcc980000 - 0x00007ffdcccf9000 	C:\WINDOWS\System32\KERNELBASE.dll
0x00007ffdcd210000 - 0x00007ffdcd321000 	C:\WINDOWS\System32\ucrtbase.dll
0x00007ffdbe830000 - 0x00007ffdbe849000 	C:\Users\lin_m\.jdks\openjdk-16\bin\VCRUNTIME140.dll
0x00007ffdbe850000 - 0x00007ffdbe868000 	C:\Users\lin_m\.jdks\openjdk-16\bin\jli.dll
0x00007ffdcdff0000 - 0x00007ffdce19c000 	C:\WINDOWS\System32\USER32.dll
0x00007ffdcd070000 - 0x00007ffdcd096000 	C:\WINDOWS\System32\win32u.dll
0x00007ffdb6850000 - 0x00007ffdb6af5000 	C:\WINDOWS\WinSxS\amd64_microsoft.windows.common-controls_6595b64144ccf1df_6.0.22000.120_none_9d947278b86cc467\COMCTL32.dll
0x00007ffdce330000 - 0x00007ffdce3d3000 	C:\WINDOWS\System32\msvcrt.dll
0x00007ffdcf430000 - 0x00007ffdcf459000 	C:\WINDOWS\System32\GDI32.dll
0x00007ffdccd70000 - 0x00007ffdcce82000 	C:\WINDOWS\System32\gdi32full.dll
0x00007ffdcce90000 - 0x00007ffdccf2d000 	C:\WINDOWS\System32\msvcp_win.dll
0x00007ffdcf340000 - 0x00007ffdcf371000 	C:\WINDOWS\System32\IMM32.DLL
0x00007ffdbe820000 - 0x00007ffdbe82c000 	C:\Users\lin_m\.jdks\openjdk-16\bin\vcruntime140_1.dll
0x00007ffdb00c0000 - 0x00007ffdb0151000 	C:\Users\lin_m\.jdks\openjdk-16\bin\msvcp140.dll
0x00007ffd606b0000 - 0x00007ffd6125b000 	C:\Users\lin_m\.jdks\openjdk-16\bin\server\jvm.dll
0x00007ffdcf380000 - 0x00007ffdcf42e000 	C:\WINDOWS\System32\ADVAPI32.dll
0x00007ffdcdaa0000 - 0x00007ffdcdb3e000 	C:\WINDOWS\System32\sechost.dll
0x00007ffdcd4e0000 - 0x00007ffdcd600000 	C:\WINDOWS\System32\RPCRT4.dll
0x00007ffdce1a0000 - 0x00007ffdce1a8000 	C:\WINDOWS\System32\PSAPI.DLL
0x00007ffdb7fc0000 - 0x00007ffdb7fc9000 	C:\WINDOWS\SYSTEM32\WSOCK32.dll
0x00007ffdbfb00000 - 0x00007ffdbfb33000 	C:\WINDOWS\SYSTEM32\WINMM.dll
0x00007ffdc4df0000 - 0x00007ffdc4dfa000 	C:\WINDOWS\SYSTEM32\VERSION.dll
0x00007ffdce1b0000 - 0x00007ffdce21f000 	C:\WINDOWS\System32\WS2_32.dll
0x00007ffdcbb30000 - 0x00007ffdcbb48000 	C:\WINDOWS\SYSTEM32\kernel.appcore.dll
0x00007ffdbe810000 - 0x00007ffdbe81a000 	C:\Users\lin_m\.jdks\openjdk-16\bin\jimage.dll
0x00007ffdb94c0000 - 0x00007ffdb96e1000 	C:\WINDOWS\SYSTEM32\DBGHELP.DLL
0x00007ffdb8d20000 - 0x00007ffdb8d51000 	C:\WINDOWS\SYSTEM32\dbgcore.DLL
0x00007ffdccff0000 - 0x00007ffdcd06f000 	C:\WINDOWS\System32\bcryptPrimitives.dll
0x00007ffdbe790000 - 0x00007ffdbe79e000 	C:\Users\lin_m\.jdks\openjdk-16\bin\instrument.dll
0x00007ffdb7740000 - 0x00007ffdb7765000 	C:\Users\lin_m\.jdks\openjdk-16\bin\java.dll
0x00007ffdceb00000 - 0x00007ffdcf2b8000 	C:\WINDOWS\System32\SHELL32.dll
0x00007ffdcaac0000 - 0x00007ffdcb328000 	C:\WINDOWS\SYSTEM32\windows.storage.dll
0x00007ffdce3e0000 - 0x00007ffdce759000 	C:\WINDOWS\System32\combase.dll
0x00007ffdca950000 - 0x00007ffdcaab6000 	C:\WINDOWS\SYSTEM32\wintypes.dll
0x00007ffdcdd70000 - 0x00007ffdcde5a000 	C:\WINDOWS\System32\SHCORE.dll
0x00007ffdce2d0000 - 0x00007ffdce32d000 	C:\WINDOWS\System32\shlwapi.dll
0x00007ffdcc8b0000 - 0x00007ffdcc8d1000 	C:\WINDOWS\SYSTEM32\profapi.dll
0x00007ffdbe7f0000 - 0x00007ffdbe809000 	C:\Users\lin_m\.jdks\openjdk-16\bin\net.dll
0x00007ffdc69d0000 - 0x00007ffdc6adc000 	C:\WINDOWS\SYSTEM32\WINHTTP.dll
0x00007ffdcbf50000 - 0x00007ffdcbfb7000 	C:\WINDOWS\system32\mswsock.dll
0x00007ffdbb300000 - 0x00007ffdbb313000 	C:\Users\lin_m\.jdks\openjdk-16\bin\nio.dll
0x00007ffdb6d90000 - 0x00007ffdb6da8000 	C:\Users\lin_m\.jdks\openjdk-16\bin\zip.dll
0x00007ffdb6370000 - 0x00007ffdb638a000 	C:\Program Files\JetBrains\IntelliJ IDEA Community Edition 2022.1.2\bin\breakgen64.dll
0x0000017967280000 - 0x0000017967283000 	G:\My Drive\Academy\Java software project\JavaLib\javafx-sdk-18.0.1\bin\api-ms-win-core-console-l1-1-0.dll
0x0000017967290000 - 0x0000017967293000 	G:\My Drive\Academy\Java software project\JavaLib\javafx-sdk-18.0.1\bin\api-ms-win-core-console-l1-2-0.dll
0x00000179672a0000 - 0x00000179672a3000 	G:\My Drive\Academy\Java software project\JavaLib\javafx-sdk-18.0.1\bin\api-ms-win-core-datetime-l1-1-0.dll
0x0000017966fe0000 - 0x0000017966fe3000 	G:\My Drive\Academy\Java software project\JavaLib\javafx-sdk-18.0.1\bin\api-ms-win-core-debug-l1-1-0.dll
0x0000017966ff0000 - 0x0000017966ff3000 	G:\My Drive\Academy\Java software project\JavaLib\javafx-sdk-18.0.1\bin\api-ms-win-core-errorhandling-l1-1-0.dll
0x0000017967000000 - 0x0000017967004000 	G:\My Drive\Academy\Java software project\JavaLib\javafx-sdk-18.0.1\bin\api-ms-win-core-file-l1-1-0.dll
0x0000017967010000 - 0x0000017967013000 	G:\My Drive\Academy\Java software project\JavaLib\javafx-sdk-18.0.1\bin\api-ms-win-core-file-l1-2-0.dll
0x0000017967020000 - 0x0000017967023000 	G:\My Drive\Academy\Java software project\JavaLib\javafx-sdk-18.0.1\bin\api-ms-win-core-file-l2-1-0.dll
0x0000017967030000 - 0x0000017967033000 	G:\My Drive\Academy\Java software project\JavaLib\javafx-sdk-18.0.1\bin\api-ms-win-core-handle-l1-1-0.dll
0x0000017967040000 - 0x0000017967043000 	G:\My Drive\Academy\Java software project\JavaLib\javafx-sdk-18.0.1\bin\api-ms-win-core-heap-l1-1-0.dll
0x0000017967050000 - 0x0000017967053000 	G:\My Drive\Academy\Java software project\JavaLib\javafx-sdk-18.0.1\bin\api-ms-win-core-interlocked-l1-1-0.dll
0x0000017967060000 - 0x0000017967063000 	G:\My Drive\Academy\Java software project\JavaLib\javafx-sdk-18.0.1\bin\api-ms-win-core-libraryloader-l1-1-0.dll
0x0000017967070000 - 0x0000017967073000 	G:\My Drive\Academy\Java software project\JavaLib\javafx-sdk-18.0.1\bin\api-ms-win-core-localization-l1-2-0.dll
0x0000017967080000 - 0x0000017967083000 	G:\My Drive\Academy\Java software project\JavaLib\javafx-sdk-18.0.1\bin\api-ms-win-core-memory-l1-1-0.dll
0x0000017967090000 - 0x0000017967093000 	G:\My Drive\Academy\Java software project\JavaLib\javafx-sdk-18.0.1\bin\api-ms-win-core-namedpipe-l1-1-0.dll
0x00000179670a0000 - 0x00000179670a3000 	G:\My Drive\Academy\Java software project\JavaLib\javafx-sdk-18.0.1\bin\api-ms-win-core-processenvironment-l1-1-0.dll
0x00000179670b0000 - 0x00000179670b3000 	G:\My Drive\Academy\Java software project\JavaLib\javafx-sdk-18.0.1\bin\api-ms-win-core-processthreads-l1-1-0.dll
0x00000179670c0000 - 0x00000179670c3000 	G:\My Drive\Academy\Java software project\JavaLib\javafx-sdk-18.0.1\bin\api-ms-win-core-processthreads-l1-1-1.dll
0x00000179670d0000 - 0x00000179670d3000 	G:\My Drive\Academy\Java software project\JavaLib\javafx-sdk-18.0.1\bin\api-ms-win-core-profile-l1-1-0.dll
0x00000179670e0000 - 0x00000179670e3000 	G:\My Drive\Academy\Java software project\JavaLib\javafx-sdk-18.0.1\bin\api-ms-win-core-rtlsupport-l1-1-0.dll
0x00000179670f0000 - 0x00000179670f3000 	G:\My Drive\Academy\Java software project\JavaLib\javafx-sdk-18.0.1\bin\api-ms-win-core-string-l1-1-0.dll
0x0000017967100000 - 0x0000017967103000 	G:\My Drive\Academy\Java software project\JavaLib\javafx-sdk-18.0.1\bin\api-ms-win-core-synch-l1-1-0.dll
0x0000017967110000 - 0x0000017967113000 	G:\My Drive\Academy\Java software project\JavaLib\javafx-sdk-18.0.1\bin\api-ms-win-core-synch-l1-2-0.dll
0x0000017967120000 - 0x0000017967123000 	G:\My Drive\Academy\Java software project\JavaLib\javafx-sdk-18.0.1\bin\api-ms-win-core-sysinfo-l1-1-0.dll
0x0000017967130000 - 0x0000017967133000 	G:\My Drive\Academy\Java software project\JavaLib\javafx-sdk-18.0.1\bin\api-ms-win-core-timezone-l1-1-0.dll
0x0000017967140000 - 0x0000017967143000 	G:\My Drive\Academy\Java software project\JavaLib\javafx-sdk-18.0.1\bin\api-ms-win-core-util-l1-1-0.dll
0x0000017967150000 - 0x0000017967153000 	G:\My Drive\Academy\Java software project\JavaLib\javafx-sdk-18.0.1\bin\api-ms-win-crt-conio-l1-1-0.dll
0x0000017967160000 - 0x0000017967164000 	G:\My Drive\Academy\Java software project\JavaLib\javafx-sdk-18.0.1\bin\api-ms-win-crt-convert-l1-1-0.dll
0x0000017967170000 - 0x0000017967173000 	G:\My Drive\Academy\Java software project\JavaLib\javafx-sdk-18.0.1\bin\api-ms-win-crt-environment-l1-1-0.dll
0x0000017967180000 - 0x0000017967183000 	G:\My Drive\Academy\Java software project\JavaLib\javafx-sdk-18.0.1\bin\api-ms-win-crt-filesystem-l1-1-0.dll
0x0000017967190000 - 0x0000017967193000 	G:\My Drive\Academy\Java software project\JavaLib\javafx-sdk-18.0.1\bin\api-ms-win-crt-heap-l1-1-0.dll
0x00000179671a0000 - 0x00000179671a3000 	G:\My Drive\Academy\Java software project\JavaLib\javafx-sdk-18.0.1\bin\api-ms-win-crt-locale-l1-1-0.dll
0x00000179671b0000 - 0x00000179671b5000 	G:\My Drive\Academy\Java software project\JavaLib\javafx-sdk-18.0.1\bin\api-ms-win-crt-math-l1-1-0.dll
0x00000179671c0000 - 0x00000179671c5000 	G:\My Drive\Academy\Java software project\JavaLib\javafx-sdk-18.0.1\bin\api-ms-win-crt-multibyte-l1-1-0.dll
0x00000179671d0000 - 0x00000179671e0000 	G:\My Drive\Academy\Java software project\JavaLib\javafx-sdk-18.0.1\bin\api-ms-win-crt-private-l1-1-0.dll
0x00000179671e0000 - 0x00000179671e3000 	G:\My Drive\Academy\Java software project\JavaLib\javafx-sdk-18.0.1\bin\api-ms-win-crt-process-l1-1-0.dll
0x00000179671f0000 - 0x00000179671f4000 	G:\My Drive\Academy\Java software project\JavaLib\javafx-sdk-18.0.1\bin\api-ms-win-crt-runtime-l1-1-0.dll
0x0000017967200000 - 0x0000017967204000 	G:\My Drive\Academy\Java software project\JavaLib\javafx-sdk-18.0.1\bin\api-ms-win-crt-stdio-l1-1-0.dll
0x0000017967210000 - 0x0000017967214000 	G:\My Drive\Academy\Java software project\JavaLib\javafx-sdk-18.0.1\bin\api-ms-win-crt-string-l1-1-0.dll
0x0000017967220000 - 0x0000017967223000 	G:\My Drive\Academy\Java software project\JavaLib\javafx-sdk-18.0.1\bin\api-ms-win-crt-time-l1-1-0.dll
0x0000017967230000 - 0x0000017967233000 	G:\My Drive\Academy\Java software project\JavaLib\javafx-sdk-18.0.1\bin\api-ms-win-crt-utility-l1-1-0.dll
0x00007ffd92ba0000 - 0x00007ffd92c9c000 	G:\My Drive\Academy\Java software project\JavaLib\javafx-sdk-18.0.1\bin\ucrtbase.dll
0x00007ffdb6220000 - 0x00007ffdb623a000 	G:\My Drive\Academy\Java software project\JavaLib\javafx-sdk-18.0.1\bin\vcruntime140.dll
0x00007ffdb6420000 - 0x00007ffdb642c000 	G:\My Drive\Academy\Java software project\JavaLib\javafx-sdk-18.0.1\bin\vcruntime140_1.dll
0x00007ffdb0030000 - 0x00007ffdb00bd000 	G:\My Drive\Academy\Java software project\JavaLib\javafx-sdk-18.0.1\bin\msvcp140.dll
0x00007ffdb4ad0000 - 0x00007ffdb4afc000 	G:\My Drive\Academy\Java software project\JavaLib\javafx-sdk-18.0.1\bin\prism_d3d.dll
0x00007ffdbf750000 - 0x00007ffdbf8f6000 	C:\WINDOWS\system32\d3d9.dll
0x00007ffdca440000 - 0x00007ffdca46f000 	C:\WINDOWS\SYSTEM32\dwmapi.dll
0x00007ffdca280000 - 0x00007ffdca2b8000 	C:\WINDOWS\SYSTEM32\dxcore.dll
0x00007ffdc9fd0000 - 0x00007ffdca07c000 	C:\WINDOWS\system32\uxtheme.dll
0x00007ffdc2d20000 - 0x00007ffdc2e22000 	C:\WINDOWS\System32\DriverStore\FileRepository\nvmd.inf_amd64_1408eaf9a25ed64f\nvldumdx.dll
0x00007ffdcc270000 - 0x00007ffdcc282000 	C:\WINDOWS\SYSTEM32\msasn1.dll
0x00007ffdc4d50000 - 0x00007ffdc4d81000 	C:\WINDOWS\SYSTEM32\cryptnet.dll
0x00007ffdcd0a0000 - 0x00007ffdcd202000 	C:\WINDOWS\System32\CRYPT32.dll
0x00007ffdcc140000 - 0x00007ffdcc14c000 	C:\WINDOWS\SYSTEM32\cryptbase.dll
0x00007ffdccd00000 - 0x00007ffdccd67000 	C:\WINDOWS\System32\WINTRUST.DLL
0x00007ffdcd4c0000 - 0x00007ffdcd4df000 	C:\WINDOWS\System32\imagehlp.dll
0x00007ffdcc220000 - 0x00007ffdcc238000 	C:\WINDOWS\SYSTEM32\CRYPTSP.dll
0x00007ffdcba90000 - 0x00007ffdcbac5000 	C:\WINDOWS\system32\rsaenh.dll
0x00007ffdcc360000 - 0x00007ffdcc387000 	C:\WINDOWS\SYSTEM32\bcrypt.dll
0x00007ffd38850000 - 0x00007ffd3a26c000 	C:\WINDOWS\System32\DriverStore\FileRepository\nvmd.inf_amd64_1408eaf9a25ed64f\nvd3dumx.dll
0x00007ffdc6f20000 - 0x00007ffdc6f64000 	C:\WINDOWS\SYSTEM32\directxdatabasehelper.dll
0x00007ffdca300000 - 0x00007ffdca334000 	C:\WINDOWS\SYSTEM32\ntmarta.dll
0x00007ffdb2af0000 - 0x00007ffdb2b32000 	G:\My Drive\Academy\Java software project\JavaLib\javafx-sdk-18.0.1\bin\glass.dll
0x00007ffdcde70000 - 0x00007ffdcdf5c000 	C:\WINDOWS\System32\COMDLG32.dll
0x00007ffdce840000 - 0x00007ffdce9da000 	C:\WINDOWS\System32\ole32.dll
0x00007ffdce760000 - 0x00007ffdce836000 	C:\WINDOWS\System32\OLEAUT32.dll
0x00007ffdce9e0000 - 0x00007ffdceafe000 	C:\WINDOWS\System32\MSCTF.dll
0x00007ffd9fd50000 - 0x00007ffda0013000 	C:\WINDOWS\system32\nvspcap64.dll
0x00007ffdcbfc0000 - 0x00007ffdcbfe4000 	C:\WINDOWS\SYSTEM32\gpapi.dll
0x00007ffdcb690000 - 0x00007ffdcb778000 	C:\WINDOWS\SYSTEM32\DNSAPI.dll
0x00007ffdcb660000 - 0x00007ffdcb68d000 	C:\WINDOWS\SYSTEM32\IPHLPAPI.DLL
0x00007ffdcde60000 - 0x00007ffdcde69000 	C:\WINDOWS\System32\NSI.dll
0x00007ffdc4d00000 - 0x00007ffdc4d0a000 	C:\Windows\System32\rasadhlp.dll
0x00007ffdc4fb0000 - 0x00007ffdc5031000 	C:\WINDOWS\System32\fwpuclnt.dll
0x00007ffdcbff0000 - 0x00007ffdcc019000 	C:\WINDOWS\SYSTEM32\USERENV.dll
0x00007ffdc6b00000 - 0x00007ffdc6b19000 	C:\WINDOWS\SYSTEM32\dhcpcsvc6.DLL
0x00007ffdc6cc0000 - 0x00007ffdc6cde000 	C:\WINDOWS\SYSTEM32\dhcpcsvc.DLL
0x00007ffdb6cf0000 - 0x00007ffdb6cfe000 	C:\Users\lin_m\.jdks\openjdk-16\bin\sunmscapi.dll
0x00007ffdcc330000 - 0x00007ffdcc358000 	C:\WINDOWS\SYSTEM32\ncrypt.dll
0x00007ffdcc2f0000 - 0x00007ffdcc327000 	C:\WINDOWS\SYSTEM32\NTASN1.dll
0x00007ffdb24a0000 - 0x00007ffdb24b4000 	G:\My Drive\Academy\Java software project\JavaLib\javafx-sdk-18.0.1\bin\javafx_font.dll

dbghelp: loaded successfully - version: 4.0.5 - missing functions: none
symbol engine: initialized successfully - sym options: 0x614 - pdb path: .;C:\Users\lin_m\.jdks\openjdk-16\bin;C:\WINDOWS\SYSTEM32;C:\WINDOWS\WinSxS\amd64_microsoft.windows.common-controls_6595b64144ccf1df_6.0.22000.120_none_9d947278b86cc467;C:\Users\lin_m\.jdks\openjdk-16\bin\server;C:\Program Files\JetBrains\IntelliJ IDEA Community Edition 2022.1.2\bin;G:\My Drive\Academy\Java software project\JavaLib\javafx-sdk-18.0.1\bin;C:\WINDOWS\System32\DriverStore\FileRepository\nvmd.inf_amd64_1408eaf9a25ed64f;C:\Program Files\Common Files\Microsoft Shared\Ink

VM Arguments:
jvm_args: --module-path=G:\My Drive\Academy\Java software project\JavaLib\javafx-sdk-18.0.1\lib --add-modules=javafx.controls,javafx.fxml -javaagent:C:\Program Files\JetBrains\IntelliJ IDEA Community Edition 2022.1.2\lib\idea_rt.jar=63306:C:\Program Files\JetBrains\IntelliJ IDEA Community Edition 2022.1.2\bin -Dfile.encoding=UTF-8 
java_command: main.Main
java_class_path (initial): G:\My Drive\Academy\Java software project\Java_software\target\classes;C:\Users\lin_m\.m2\repository\org\openjfx\javafx-controls\16\javafx-controls-16.jar;C:\Users\lin_m\.m2\repository\org\openjfx\javafx-controls\16\javafx-controls-16-win.jar;C:\Users\lin_m\.m2\repository\org\openjfx\javafx-graphics\16\javafx-graphics-16.jar;C:\Users\lin_m\.m2\repository\org\openjfx\javafx-graphics\16\javafx-graphics-16-win.jar;C:\Users\lin_m\.m2\repository\org\openjfx\javafx-base\16\javafx-base-16.jar;C:\Users\lin_m\.m2\repository\org\openjfx\javafx-base\16\javafx-base-16-win.jar;C:\Users\lin_m\.m2\repository\org\openjfx\javafx-fxml\16\javafx-fxml-16.jar;C:\Users\lin_m\.m2\repository\org\openjfx\javafx-fxml\16\javafx-fxml-16-win.jar;C:\Users\lin_m\.m2\repository\org\controlsfx\controlsfx\11.1.1\controlsfx-11.1.1.jar;C:\Users\lin_m\.m2\repository\org\kordamp\bootstrapfx\bootstrapfx-core\0.4.0\bootstrapfx-core-0.4.0.jar;G:\My Drive\Academy\Java software project\JavaLib\javafx-sdk-18.0.1\lib\javafx-swt.jar;G:\My Drive\Academy\Java software project\JavaLib\javafx-sdk-18.0.1\lib\javafx.web.jar;G:\My Drive\Academy\Java software project\JavaLib\javafx-sdk-18.0.1\lib\javafx.base.jar;G:\My Drive\Academy\Java software project\JavaLib\javafx-sdk-18.0.1\lib\javafx.fxml.jar;G:\My Drive\Academy\Java software project\JavaLib\javafx-sdk-18.0.1\lib\javafx.media.jar;G:\My Drive\Academy\Java software project\JavaLib\javafx-sdk-18.0.1\lib\javafx.swing.jar;G:\My Drive\Academy\Java software project\JavaLib\javafx-sdk-18.0.1\lib\javafx.controls.jar;G:\My Drive\Academy\Java software project\JavaLib\javafx-sdk-18.0.1\lib\javafx.graphics.jar;G:\My Drive\Academy\Java software project\mysql-connector-java-8.0.26\mysql-connector-java-8.0.26\mysql-connector-java-8.0.26.jar
Launcher Type: SUN_STANDARD

[Global flags]
     intx CICompilerCount                          = 12                                        {product} {ergonomic}
     uint ConcGCThreads                            = 3                                         {product} {ergonomic}
     uint G1ConcRefinementThreads                  = 13                                        {product} {ergonomic}
   size_t G1HeapRegionSize                         = 2097152                                   {product} {ergonomic}
    uintx GCDrainStackTargetSize                   = 64                                        {product} {ergonomic}
   size_t InitialHeapSize                          = 268435456                                 {product} {ergonomic}
   size_t MarkStackSize                            = 4194304                                   {product} {ergonomic}
   size_t MaxHeapSize                              = 4278190080                                {product} {ergonomic}
   size_t MaxNewSize                               = 2566914048                                {product} {ergonomic}
   size_t MinHeapDeltaBytes                        = 2097152                                   {product} {ergonomic}
   size_t MinHeapSize                              = 8388608                                   {product} {ergonomic}
    uintx NonNMethodCodeHeapSize                   = 7602480                                {pd product} {ergonomic}
    uintx NonProfiledCodeHeapSize                  = 122027880                              {pd product} {ergonomic}
    uintx ProfiledCodeHeapSize                     = 122027880                              {pd product} {ergonomic}
    uintx ReservedCodeCacheSize                    = 251658240                              {pd product} {ergonomic}
     bool SegmentedCodeCache                       = true                                      {product} {ergonomic}
   size_t SoftMaxHeapSize                          = 4278190080                             {manageable} {ergonomic}
     bool UseCompressedClassPointers               = true                           {product lp64_product} {ergonomic}
     bool UseCompressedOops                        = true                           {product lp64_product} {ergonomic}
     bool UseG1GC                                  = true                                      {product} {ergonomic}
     bool UseLargePagesIndividualAllocation        = false                                  {pd product} {ergonomic}

Logging:
Log output configuration:
 #0: stdout all=warning uptime,level,tags
 #1: stderr all=off uptime,level,tags

Environment Variables:
PATH=C:\Python39\Scripts\;C:\Python39\;C:\Windows\system32;C:\Windows;C:\Windows\System32\Wbem;C:\Windows\System32\WindowsPowerShell\v1.0\;C:\Windows\System32\OpenSSH\;C:\Program Files (x86)\NVIDIA Corporation\PhysX\Common;C:\Program Files\NVIDIA Corporation\NVIDIA NvDLISR;C:\Program Files\nodejs\;C:\ProgramData\chocolatey\bin;;%SystemRoot%\system32;%SystemRoot%;%SystemRoot%\System32\Wbem;%SYSTEMROOT%\System32\WindowsPowerShell\v1.0\;%SYSTEMROOT%\System32\OpenSSH\;C:\Program Files\MySQL\MySQL Shell 8.0\bin\;C:\Users\lin_m\AppData\Local\Microsoft\WindowsApps;;C:\Users\lin_m\AppData\Local\Programs\Microsoft VS Code\bin;C:\Program Files\JetBrains\IntelliJ IDEA Community Edition 2020.3.3\bin;;C:\Users\lin_m\AppData\Roaming\npm
USERNAME=lin_m
OS=Windows_NT
PROCESSOR_IDENTIFIER=AMD64 Family 23 Model 113 Stepping 0, AuthenticAMD



---------------  S Y S T E M  ---------------

OS:
 Windows 10 , 64 bit Build 22000 (10.0.22000.708)
OS uptime: 16 days 10:56 hours
Hyper-V role detected

CPU: total 16 (initial active 16) (16 cores per cpu, 2 threads per core) family 23 model 113 stepping 0 microcode 0x0, cx8, cmov, fxsr, ht, mmx, 3dnowpref, sse, sse2, sse3, ssse3, sse4a, sse4.1, sse4.2, popcnt, lzcnt, tsc, tscinvbit, avx, avx2, aes, clmul, bmi1, bmi2, adx, sha, fma, vzeroupper, clflush, clflushopt, hv

Memory: 4k page, system-wide physical 16315M (6104M free)
TotalPageFile size 28091M (AvailPageFile size 10142M)
current process WorkingSet (physical memory assigned to process): 34M, peak: 167M
current process commit charge ("private bytes"): 215M, peak: 449M

vm_info: OpenJDK 64-Bit Server VM (16+36-2231) for windows-amd64 JRE (16+36-2231), built on Feb  8 2021 11:39:36 by "mach5one" with MS VC++ 16.7 (VS2019)

END.
